[22:07:40] [ServerMain/INFO]: Environment: authHost='https://authserver.mojang.com', accountsHost='https://api.mojang.com', sessionHost='https://sessionserver.mojang.com', servicesHost='https://api.minecraftservices.com', name='PROD'
[22:07:41] [ServerMain/INFO]: Loaded 7 recipes
[22:07:42] [Server thread/INFO]: Starting minecraft server version 1.20.1
[22:07:42] [Server thread/INFO]: Loading properties
[22:07:42] [Server thread/INFO]: This server is running Paper version git-Paper-196 (MC: 1.20.1) (Implementing API version 1.20.1-R0.1-SNAPSHOT) (Git: 773dd72)
[22:07:42] [Server thread/INFO]: Server Ping Player Sample Count: 12
[22:07:42] [Server thread/INFO]: Using 4 threads for Netty based IO
[22:07:42] [Server thread/WARN]: [!] The timings profiler has been enabled but has been scheduled for removal from Paper in the future.
    We recommend installing the spark profiler as a replacement: https://spark.lucko.me/
    For more information please visit: https://github.com/PaperMC/Paper/issues/8948
[22:07:42] [Server thread/INFO]: [ChunkTaskScheduler] Chunk system is using 1 I/O threads, 1 worker threads, and gen parallelism of 1 threads
[22:07:43] [Server thread/INFO]: Default game type: SURVIVAL
[22:07:43] [Server thread/INFO]: Generating keypair
[22:07:43] [Server thread/INFO]: Starting Minecraft server on *:25565
[22:07:43] [Server thread/INFO]: Using epoll channel type
[22:07:43] [Server thread/INFO]: Paper: Using libdeflate (Linux x86_64) compression from Velocity.
[22:07:43] [Server thread/INFO]: Paper: Using OpenSSL 1.1.x (Linux x86_64) cipher from Velocity.
[22:07:43] [Server thread/INFO]: Server permissions file permissions.yml is empty, ignoring it
[22:07:43] [Server thread/WARN]: **** SERVER IS RUNNING IN OFFLINE/INSECURE MODE!
[22:07:43] [Server thread/WARN]: The server will make no attempt to authenticate usernames. Beware.
[22:07:43] [Server thread/WARN]: While this makes the game possible to play without internet access, it also opens up the ability for hackers to connect with any username they choose.
[22:07:43] [Server thread/WARN]: To change this, set "online-mode" to "true" in the server.properties file.
[22:07:43] [Server thread/INFO]: Preparing level "world"
[22:07:43] [Server thread/INFO]: Preparing start region for dimension minecraft:overworld
[22:07:44] [Server thread/INFO]: Time elapsed: 259 ms
[22:07:44] [Server thread/INFO]: Preparing start region for dimension minecraft:the_nether
[22:07:44] [Server thread/INFO]: Time elapsed: 65 ms
[22:07:44] [Server thread/INFO]: Preparing start region for dimension minecraft:the_end
[22:07:44] [Server thread/INFO]: Time elapsed: 60 ms
[22:07:44] [Server thread/INFO]: Running delayed init tasks
[22:07:44] [Server thread/INFO]: Done (2.137s)! For help, type "help"
[22:07:44] [Server thread/INFO]: Timings Reset
